<?xml version="1.0" encoding="UTF-8"?>
<Site BuildName="Win32-MSBuild"
	BuildStamp="20201210-1321-Experimental"
	Name="DESKTOP-F4V1S91"
	Generator="ctest-3.18.20081302-MSVC_2"
	CompilerName="C:/Program Files (x86)/Microsoft Visual Studio/2019/BuildTools/VC/Tools/MSVC/14.28.29333/bin/Hostx64/x86/cl.exe"
	CompilerVersion="19.28.29334.0"
	OSName="Windows"
	Hostname="DESKTOP-F4V1S91"
	OSRelease=" Professional"
	OSVersion=" (Build 19042)"
	OSPlatform="x86"
	Is64Bits="1"
	VendorString="GenuineIntel"
	VendorID="Intel Corporation"
	FamilyID="6"
	ModelID="13"
	ProcessorCacheSize="-1"
	NumberOfLogicalCPU="12"
	NumberOfPhysicalCPU="6"
	TotalVirtualMemory="16834"
	TotalPhysicalMemory="8130"
	LogicalProcessorsPerPhysical="2"
	ProcessorClockFrequency="3201"
	>
	<Testing>
		<StartDateTime>Dec 10 14:21 [NON-UTF-8-BYTE-0xC7][NON-UTF-8-BYTE-0xE0][NON-UTF-8-BYTE-0xEF][NON-UTF-8-BYTE-0xE0][NON-UTF-8-BYTE-0xE4][NON-UTF-8-BYTE-0xED][NON-UTF-8-BYTE-0xE0][NON-UTF-8-BYTE-0xFF] [NON-UTF-8-BYTE-0xC5][NON-UTF-8-BYTE-0xE2][NON-UTF-8-BYTE-0xF0][NON-UTF-8-BYTE-0xEE][NON-UTF-8-BYTE-0xEF][NON-UTF-8-BYTE-0xE0] ([NON-UTF-8-BYTE-0xE7][NON-UTF-8-BYTE-0xE8][NON-UTF-8-BYTE-0xEC][NON-UTF-8-BYTE-0xE0])</StartDateTime>
		<StartTestTime>1607606493</StartTestTime>
		<TestList/>
		<EndDateTime>Dec 10 14:21 [NON-UTF-8-BYTE-0xC7][NON-UTF-8-BYTE-0xE0][NON-UTF-8-BYTE-0xEF][NON-UTF-8-BYTE-0xE0][NON-UTF-8-BYTE-0xE4][NON-UTF-8-BYTE-0xED][NON-UTF-8-BYTE-0xE0][NON-UTF-8-BYTE-0xFF] [NON-UTF-8-BYTE-0xC5][NON-UTF-8-BYTE-0xE2][NON-UTF-8-BYTE-0xF0][NON-UTF-8-BYTE-0xEE][NON-UTF-8-BYTE-0xEF][NON-UTF-8-BYTE-0xE0] ([NON-UTF-8-BYTE-0xE7][NON-UTF-8-BYTE-0xE8][NON-UTF-8-BYTE-0xEC][NON-UTF-8-BYTE-0xE0])</EndDateTime>
		<EndTestTime>1607606493</EndTestTime>
		<ElapsedMinutes>0</ElapsedMinutes>
	</Testing>
</Site>
